TN:gcov_report
SF:/Users/alvintha/projects/C6_s21_matrix-0/src/s21_matrix.c
FN:4,s21_create_matrix
FNDA:113,s21_create_matrix
FN:22,s21_remove_matrix
FNDA:113,s21_remove_matrix
FN:32,s21_eq_matrix
FNDA:8,s21_eq_matrix
FN:48,s21_sum_matrix
FNDA:4,s21_sum_matrix
FN:68,s21_sub_matrix
FNDA:3,s21_sub_matrix
FN:88,s21_mult_number
FNDA:5,s21_mult_number
FN:104,s21_mult_matrix
FNDA:4,s21_mult_matrix
FN:126,s21_transpose
FNDA:4,s21_transpose
FN:142,s21_calc_complements
FNDA:6,s21_calc_complements
FN:171,reduced_matrix
FNDA:30,reduced_matrix
FN:190,matrix_minor
FNDA:36,matrix_minor
FN:210,s21_determinant
FNDA:9,s21_determinant
FN:227,s21_inverse_matrix
FNDA:4,s21_inverse_matrix
FNF:13
FNH:13
DA:4,113
DA:5,113
DA:6,113
DA:7,113
DA:8,98
DA:9,98
DA:10,98
DA:11,98
DA:12,323
DA:13,225
DA:15,98
DA:18,113
DA:22,113
DA:23,113
DA:24,323
DA:25,225
DA:27,98
DA:29,113
DA:32,8
DA:33,8
DA:34,8
DA:35,4
DA:36,16
DA:37,48
DA:38,36
DA:42,4
DA:44,8
DA:48,4
DA:49,4
DA:50,4
DA:51,3
DA:52,2
DA:53,8
DA:54,24
DA:55,18
DA:59,1
DA:62,1
DA:64,4
DA:68,3
DA:69,3
DA:70,3
DA:71,2
DA:72,1
DA:73,4
DA:74,12
DA:75,9
DA:79,1
DA:82,1
DA:84,3
DA:88,5
DA:89,5
DA:90,5
DA:91,4
DA:92,14
DA:93,38
DA:94,28
DA:98,1
DA:100,5
DA:104,4
DA:105,4
DA:106,4
DA:107,3
DA:108,2
DA:109,6
DA:110,14
DA:111,10
DA:112,38
DA:113,28
DA:117,1
DA:120,1
DA:122,4
DA:126,4
DA:127,4
DA:128,4
DA:129,3
DA:130,10
DA:131,26
DA:132,19
DA:136,1
DA:138,4
DA:142,6
DA:143,6
DA:144,6
DA:145,5
DA:146,4
DA:147,4
DA:148,2
DA:150,8
DA:151,24
DA:152,18
DA:153,18
DA:154,10
DA:156,8
DA:158,18
DA:163,1
DA:166,1
DA:168,6
DA:171,30
DA:172,30
DA:173,30
DA:174,30
DA:175,120
DA:176,90
DA:177,60
DA:178,240
DA:179,180
DA:180,120
DA:181,120
DA:184,60
DA:187,30
DA:190,36
DA:191,36
DA:192,36
DA:193,2
DA:194,34
DA:195,30
DA:197,4
DA:198,16
DA:199,12
DA:200,12
DA:201,12
DA:202,12
DA:205,36
DA:206,36
DA:210,9
DA:211,9
DA:212,9
DA:213,8
DA:214,6
DA:216,2
DA:217,2
DA:220,1
DA:221,1
DA:223,9
DA:227,4
DA:228,4
DA:229,7
DA:230,3
DA:231,3
DA:232,5
DA:234,2
DA:235,2
DA:236,2
DA:237,2
DA:238,2
DA:240,1
DA:243,1
DA:245,4
LF:148
LH:148
end_of_record
